<?xml version="1.0" encoding="UTF-8"?>
<testng-results ignored="0" total="1" passed="1" failed="0" skipped="0">
  <reporter-output>
  </reporter-output>
  <suite started-at="2024-07-16T13:18:04 EDT" name="Default suite" finished-at="2024-07-16T13:18:12 EDT" duration-ms="8250">
    <groups>
    </groups>
    <test started-at="2024-07-16T13:18:04 EDT" name="Default test" finished-at="2024-07-16T13:18:12 EDT" duration-ms="8250">
      <class name="com.BootCamp.part1.Difficult_TestCases.CheckTheElementTestQ65">
        <test-method is-config="true" signature="setUp()[pri:0, instance:com.BootCamp.part1.Difficult_TestCases.CheckTheElementTestQ65@738dc9b]" started-at="2024-07-16T13:18:04 EDT" name="setUp" finished-at="2024-07-16T13:18:10 EDT" duration-ms="5633" status="PASS">
          <reporter-output>
          </reporter-output>
        </test-method> <!-- setUp -->
        <test-method signature="navigateWebElementBrand()[pri:0, instance:com.BootCamp.part1.Difficult_TestCases.CheckTheElementTestQ65@738dc9b]" started-at="2024-07-16T13:18:10 EDT" name="navigateWebElementBrand" finished-at="2024-07-16T13:18:12 EDT" duration-ms="2345" status="PASS">
          <reporter-output>
          </reporter-output>
        </test-method> <!-- navigateWebElementBrand -->
        <test-method is-config="true" signature="tearDown()[pri:0, instance:com.BootCamp.part1.Difficult_TestCases.CheckTheElementTestQ65@738dc9b]" started-at="2024-07-16T13:18:12 EDT" name="tearDown" finished-at="2024-07-16T13:18:12 EDT" duration-ms="217" status="PASS">
          <reporter-output>
          </reporter-output>
        </test-method> <!-- tearDown -->
      </class> <!-- com.BootCamp.part1.Difficult_TestCases.CheckTheElementTestQ65 -->
    </test> <!-- Default test -->
  </suite> <!-- Default suite -->
</testng-results>
