<?xml version="1.0" encoding="UTF-8"?>
<testng-results ignored="0" total="1" passed="1" failed="0" skipped="0">
  <reporter-output>
  </reporter-output>
  <suite started-at="2024-07-10T22:10:20 EDT" name="Default suite" finished-at="2024-07-10T22:10:27 EDT" duration-ms="6849">
    <groups>
    </groups>
    <test started-at="2024-07-10T22:10:20 EDT" name="Default test" finished-at="2024-07-10T22:10:27 EDT" duration-ms="6849">
      <class name="com.BootCamp.part1.Difficult_TestCases.ProductTest">
        <test-method is-config="true" signature="setUpBrowser()[pri:0, instance:com.BootCamp.part1.Difficult_TestCases.ProductTest@738dc9b]" started-at="2024-07-10T22:10:21 EDT" name="setUpBrowser" finished-at="2024-07-10T22:10:25 EDT" duration-ms="4793" status="PASS">
          <reporter-output>
          </reporter-output>
        </test-method> <!-- setUpBrowser -->
        <test-method signature="validatesearchProduct()[pri:0, instance:com.BootCamp.part1.Difficult_TestCases.ProductTest@738dc9b]" started-at="2024-07-10T22:10:25 EDT" name="validatesearchProduct" finished-at="2024-07-10T22:10:27 EDT" duration-ms="1813" status="PASS">
          <reporter-output>
          </reporter-output>
        </test-method> <!-- validatesearchProduct -->
        <test-method is-config="true" signature="tearDown()[pri:0, instance:com.BootCamp.part1.Difficult_TestCases.ProductTest@738dc9b]" started-at="2024-07-10T22:10:27 EDT" name="tearDown" finished-at="2024-07-10T22:10:27 EDT" duration-ms="192" status="PASS">
          <reporter-output>
          </reporter-output>
        </test-method> <!-- tearDown -->
      </class> <!-- com.BootCamp.part1.Difficult_TestCases.ProductTest -->
    </test> <!-- Default test -->
  </suite> <!-- Default suite -->
</testng-results>
